2019-05-24 09:56:44 -Starting ServerApplication on SKY-20190326YRK with PID 6880 (C:\Users\Administrator\Desktop\erp_server\server\target\classes started by Administrator in C:\Users\Administrator\Desktop\erp_server)
2019-05-24 09:56:44 -No active profile set, falling back to default profiles: default
2019-05-24 09:56:50 -Could not validate configuration attributes as the SecurityMetadataSource did not return any attributes from getAllConfigAttributes()
2019-05-24 09:56:52 -Started ServerApplication in 9.359 seconds (JVM running for 10.526)
2019-05-24 09:57:33 -商品二维码分享
2019-05-24 09:59:12 -Starting ServerApplication on SKY-20190326YRK with PID 6276 (C:\Users\Administrator\Desktop\erp_server\server\target\classes started by Administrator in C:\Users\Administrator\Desktop\erp_server)
2019-05-24 09:59:12 -No active profile set, falling back to default profiles: default
2019-05-24 09:59:16 -Could not validate configuration attributes as the SecurityMetadataSource did not return any attributes from getAllConfigAttributes()
2019-05-24 09:59:18 -Started ServerApplication in 7.012 seconds (JVM running for 7.878)
2019-05-24 09:59:21 -商品二维码分享
2019-05-24 10:01:58 -Starting ServerApplication on SKY-20190326YRK with PID 1160 (C:\Users\Administrator\Desktop\erp_server\server\target\classes started by Administrator in C:\Users\Administrator\Desktop\erp_server)
2019-05-24 10:01:58 -No active profile set, falling back to default profiles: default
2019-05-24 10:02:03 -Could not validate configuration attributes as the SecurityMetadataSource did not return any attributes from getAllConfigAttributes()
2019-05-24 10:02:04 -Started ServerApplication in 6.495 seconds (JVM running for 7.231)
2019-05-24 10:02:24 -Starting ServerApplication on SKY-20190326YRK with PID 6400 (C:\Users\Administrator\Desktop\erp_server\server\target\classes started by Administrator in C:\Users\Administrator\Desktop\erp_server)
2019-05-24 10:02:24 -No active profile set, falling back to default profiles: default
2019-05-24 10:02:29 -Could not validate configuration attributes as the SecurityMetadataSource did not return any attributes from getAllConfigAttributes()
2019-05-24 10:02:31 -Started ServerApplication in 8.239 seconds (JVM running for 9.308)
2019-05-24 10:02:34 -商品二维码分享
2019-05-24 14:10:03 -Starting ServerApplication on SKY-20190326YRK with PID 1060 (C:\Users\Administrator\Desktop\erp_server\server\target\classes started by Administrator in C:\Users\Administrator\Desktop\erp_server)
2019-05-24 14:10:03 -No active profile set, falling back to default profiles: default
2019-05-24 14:10:07 -Could not validate configuration attributes as the SecurityMetadataSource did not return any attributes from getAllConfigAttributes()
2019-05-24 14:10:52 -Starting ServerApplication on SKY-20190326YRK with PID 6660 (C:\Users\Administrator\Desktop\erp_server\server\target\classes started by Administrator in C:\Users\Administrator\Desktop\erp_server)
2019-05-24 14:10:53 -No active profile set, falling back to default profiles: default
2019-05-24 14:10:56 -Could not validate configuration attributes as the SecurityMetadataSource did not return any attributes from getAllConfigAttributes()
2019-05-24 14:12:25 -Starting ServerApplication on SKY-20190326YRK with PID 6480 (C:\Users\Administrator\Desktop\erp_server\server\target\classes started by Administrator in C:\Users\Administrator\Desktop\erp_server)
2019-05-24 14:12:25 -No active profile set, falling back to default profiles: default
2019-05-24 14:12:28 -Could not validate configuration attributes as the SecurityMetadataSource did not return any attributes from getAllConfigAttributes()
2019-05-24 14:14:11 -Starting ServerApplication on SKY-20190326YRK with PID 8900 (C:\Users\Administrator\Desktop\erp_server\server\target\classes started by Administrator in C:\Users\Administrator\Desktop\erp_server)
2019-05-24 14:14:11 -No active profile set, falling back to default profiles: default
2019-05-24 14:14:16 -Could not validate configuration attributes as the SecurityMetadataSource did not return any attributes from getAllConfigAttributes()
2019-05-24 14:21:38 -Starting ServerApplication on SKY-20190326YRK with PID 8316 (C:\Users\Administrator\Desktop\erp_server\server\target\classes started by Administrator in C:\Users\Administrator\Desktop\erp_server)
2019-05-24 14:21:38 -No active profile set, falling back to default profiles: default
2019-05-24 14:21:41 -Could not validate configuration attributes as the SecurityMetadataSource did not return any attributes from getAllConfigAttributes()
2019-05-24 14:21:42 -Started ServerApplication in 5.444 seconds (JVM running for 6.133)
2019-05-24 14:24:10 -Starting ServerApplication on SKY-20190326YRK with PID 5848 (C:\Users\Administrator\Desktop\erp_server\server\target\classes started by Administrator in C:\Users\Administrator\Desktop\erp_server)
2019-05-24 14:24:10 -No active profile set, falling back to default profiles: default
2019-05-24 14:24:14 -Could not validate configuration attributes as the SecurityMetadataSource did not return any attributes from getAllConfigAttributes()
2019-05-24 14:24:15 -Started ServerApplication in 5.498 seconds (JVM running for 6.24)
2019-05-24 14:25:08 -Starting ServerApplication on SKY-20190326YRK with PID 9120 (C:\Users\Administrator\Desktop\erp_server\server\target\classes started by Administrator in C:\Users\Administrator\Desktop\erp_server)
2019-05-24 14:25:08 -No active profile set, falling back to default profiles: default
2019-05-24 14:25:13 -Could not validate configuration attributes as the SecurityMetadataSource did not return any attributes from getAllConfigAttributes()
2019-05-24 14:25:15 -Started ServerApplication in 7.503 seconds (JVM running for 9.828)
2019-05-24 14:26:57 -Starting ServerApplication on SKY-20190326YRK with PID 8724 (C:\Users\Administrator\Desktop\erp_server\server\target\classes started by Administrator in C:\Users\Administrator\Desktop\erp_server)
2019-05-24 14:26:57 -No active profile set, falling back to default profiles: default
2019-05-24 14:27:02 -Could not validate configuration attributes as the SecurityMetadataSource did not return any attributes from getAllConfigAttributes()
2019-05-24 14:27:03 -Started ServerApplication in 7.609 seconds (JVM running for 8.601)
2019-05-24 14:29:58 -Starting ServerApplication on SKY-20190326YRK with PID 660 (C:\Users\Administrator\Desktop\erp_server\server\target\classes started by Administrator in C:\Users\Administrator\Desktop\erp_server)
2019-05-24 14:29:58 -No active profile set, falling back to default profiles: default
2019-05-24 14:30:04 -Could not validate configuration attributes as the SecurityMetadataSource did not return any attributes from getAllConfigAttributes()
2019-05-24 14:30:05 -Started ServerApplication in 8.777 seconds (JVM running for 10.06)
2019-05-24 14:30:41 -Starting ServerApplication on SKY-20190326YRK with PID 7888 (C:\Users\Administrator\Desktop\erp_server\server\target\classes started by Administrator in C:\Users\Administrator\Desktop\erp_server)
2019-05-24 14:30:41 -No active profile set, falling back to default profiles: default
2019-05-24 14:30:47 -Could not validate configuration attributes as the SecurityMetadataSource did not return any attributes from getAllConfigAttributes()
2019-05-24 14:30:49 -Started ServerApplication in 9.013 seconds (JVM running for 10.529)
2019-05-24 14:32:23 -Starting ServerApplication on SKY-20190326YRK with PID 6400 (C:\Users\Administrator\Desktop\erp_server\server\target\classes started by Administrator in C:\Users\Administrator\Desktop\erp_server)
2019-05-24 14:32:23 -No active profile set, falling back to default profiles: default
2019-05-24 14:32:31 -Could not validate configuration attributes as the SecurityMetadataSource did not return any attributes from getAllConfigAttributes()
2019-05-24 14:32:33 -Started ServerApplication in 10.673 seconds (JVM running for 12.112)
2019-05-24 14:35:28 -Starting ServerApplication on SKY-20190326YRK with PID 8372 (C:\Users\Administrator\Desktop\erp_server\server\target\classes started by Administrator in C:\Users\Administrator\Desktop\erp_server)
2019-05-24 14:35:28 -No active profile set, falling back to default profiles: default
2019-05-24 14:35:33 -Could not validate configuration attributes as the SecurityMetadataSource did not return any attributes from getAllConfigAttributes()
2019-05-24 14:35:35 -Started ServerApplication in 7.636 seconds (JVM running for 8.548)
2019-05-24 14:36:33 -Starting ServerApplication on SKY-20190326YRK with PID 9088 (C:\Users\Administrator\Desktop\erp_server\server\target\classes started by Administrator in C:\Users\Administrator\Desktop\erp_server)
2019-05-24 14:36:33 -No active profile set, falling back to default profiles: default
2019-05-24 14:36:38 -Could not validate configuration attributes as the SecurityMetadataSource did not return any attributes from getAllConfigAttributes()
2019-05-24 14:36:40 -Started ServerApplication in 8.038 seconds (JVM running for 9.046)
2019-05-24 14:43:28 -Starting ServerApplication on SKY-20190326YRK with PID 9008 (C:\Users\Administrator\Desktop\erp_server\server\target\classes started by Administrator in C:\Users\Administrator\Desktop\erp_server)
2019-05-24 14:43:28 -No active profile set, falling back to default profiles: default
2019-05-24 14:43:32 -Could not validate configuration attributes as the SecurityMetadataSource did not return any attributes from getAllConfigAttributes()
2019-05-24 14:43:33 -Started ServerApplication in 5.523 seconds (JVM running for 6.258)
2019-05-24 14:45:53 -Starting ServerApplication on SKY-20190326YRK with PID 6304 (C:\Users\Administrator\Desktop\erp_server\server\target\classes started by Administrator in C:\Users\Administrator\Desktop\erp_server)
2019-05-24 14:45:53 -No active profile set, falling back to default profiles: default
2019-05-24 14:45:58 -Could not validate configuration attributes as the SecurityMetadataSource did not return any attributes from getAllConfigAttributes()
2019-05-24 14:45:59 -Started ServerApplication in 7.064 seconds (JVM running for 7.852)
2019-05-24 14:46:05 -商品详情查询
2019-05-24 14:46:56 -商品详情查询
2019-05-24 14:51:27 -Starting ServerApplication on SKY-20190326YRK with PID 856 (C:\Users\Administrator\Desktop\erp_server\server\target\classes started by Administrator in C:\Users\Administrator\Desktop\erp_server)
2019-05-24 14:51:27 -No active profile set, falling back to default profiles: default
2019-05-24 14:51:31 -Could not validate configuration attributes as the SecurityMetadataSource did not return any attributes from getAllConfigAttributes()
2019-05-24 14:51:32 -Started ServerApplication in 5.355 seconds (JVM running for 6.081)
2019-05-24 14:52:28 -Starting ServerApplication on SKY-20190326YRK with PID 8948 (C:\Users\Administrator\Desktop\erp_server\server\target\classes started by Administrator in C:\Users\Administrator\Desktop\erp_server)
2019-05-24 14:52:28 -No active profile set, falling back to default profiles: default
2019-05-24 14:52:32 -Could not validate configuration attributes as the SecurityMetadataSource did not return any attributes from getAllConfigAttributes()
2019-05-24 14:52:33 -Started ServerApplication in 6.036 seconds (JVM running for 6.923)
2019-05-24 14:52:56 -Starting ServerApplication on SKY-20190326YRK with PID 5420 (C:\Users\Administrator\Desktop\erp_server\server\target\classes started by Administrator in C:\Users\Administrator\Desktop\erp_server)
2019-05-24 14:52:56 -No active profile set, falling back to default profiles: default
2019-05-24 14:53:01 -Could not validate configuration attributes as the SecurityMetadataSource did not return any attributes from getAllConfigAttributes()
2019-05-24 14:53:02 -Started ServerApplication in 7.168 seconds (JVM running for 8.05)
2019-05-24 14:55:35 -Starting ServerApplication on SKY-20190326YRK with PID 4260 (C:\Users\Administrator\Desktop\erp_server\server\target\classes started by Administrator in C:\Users\Administrator\Desktop\erp_server)
2019-05-24 14:55:35 -No active profile set, falling back to default profiles: default
2019-05-24 14:55:39 -Could not validate configuration attributes as the SecurityMetadataSource did not return any attributes from getAllConfigAttributes()
2019-05-24 14:55:41 -Started ServerApplication in 7.053 seconds (JVM running for 7.928)
2019-05-24 15:20:47 -Starting ServerApplication on SKY-20190326YRK with PID 5776 (C:\Users\Administrator\Desktop\erp_server\server\target\classes started by Administrator in C:\Users\Administrator\Desktop\erp_server)
2019-05-24 15:20:47 -No active profile set, falling back to default profiles: default
2019-05-24 15:20:52 -Could not validate configuration attributes as the SecurityMetadataSource did not return any attributes from getAllConfigAttributes()
2019-05-24 15:20:53 -Started ServerApplication in 6.665 seconds (JVM running for 7.423)
2019-05-24 15:24:26 -Starting ServerApplication on SKY-20190326YRK with PID 6844 (C:\Users\Administrator\Desktop\erp_server\server\target\classes started by Administrator in C:\Users\Administrator\Desktop\erp_server)
2019-05-24 15:24:26 -No active profile set, falling back to default profiles: default
2019-05-24 15:24:30 -Could not validate configuration attributes as the SecurityMetadataSource did not return any attributes from getAllConfigAttributes()
2019-05-24 15:24:32 -Started ServerApplication in 6.141 seconds (JVM running for 6.89)
2019-05-24 15:26:58 -Starting ServerApplication on SKY-20190326YRK with PID 7852 (C:\Users\Administrator\Desktop\erp_server\server\target\classes started by Administrator in C:\Users\Administrator\Desktop\erp_server)
2019-05-24 15:26:58 -No active profile set, falling back to default profiles: default
2019-05-24 15:27:02 -Could not validate configuration attributes as the SecurityMetadataSource did not return any attributes from getAllConfigAttributes()
2019-05-24 15:27:03 -Started ServerApplication in 5.589 seconds (JVM running for 6.282)
2019-05-24 15:47:52 -Starting ServerApplication on SKY-20190326YRK with PID 8292 (C:\Users\Administrator\Desktop\erp_server\server\target\classes started by Administrator in C:\Users\Administrator\Desktop\erp_server)
2019-05-24 15:47:52 -No active profile set, falling back to default profiles: default
2019-05-24 15:47:55 -Could not validate configuration attributes as the SecurityMetadataSource did not return any attributes from getAllConfigAttributes()
2019-05-24 15:47:56 -Started ServerApplication in 5.445 seconds (JVM running for 6.172)
2019-05-24 15:57:58 -Starting ServerApplication on SKY-20190326YRK with PID 9336 (C:\Users\Administrator\Desktop\erp_server\server\target\classes started by Administrator in C:\Users\Administrator\Desktop\erp_server)
2019-05-24 15:57:58 -No active profile set, falling back to default profiles: default
2019-05-24 15:58:02 -Could not validate configuration attributes as the SecurityMetadataSource did not return any attributes from getAllConfigAttributes()
2019-05-24 15:58:03 -Started ServerApplication in 5.522 seconds (JVM running for 6.29)
2019-05-24 16:00:43 -Starting ServerApplication on SKY-20190326YRK with PID 2212 (C:\Users\Administrator\Desktop\erp_server\server\target\classes started by Administrator in C:\Users\Administrator\Desktop\erp_server)
2019-05-24 16:00:43 -No active profile set, falling back to default profiles: default
2019-05-24 16:00:47 -Could not validate configuration attributes as the SecurityMetadataSource did not return any attributes from getAllConfigAttributes()
2019-05-24 16:00:49 -Started ServerApplication in 5.98 seconds (JVM running for 7.002)
2019-05-24 16:04:55 -Starting ServerApplication on SKY-20190326YRK with PID 9692 (C:\Users\Administrator\Desktop\erp_server\server\target\classes started by Administrator in C:\Users\Administrator\Desktop\erp_server)
2019-05-24 16:04:55 -No active profile set, falling back to default profiles: default
2019-05-24 16:05:00 -Could not validate configuration attributes as the SecurityMetadataSource did not return any attributes from getAllConfigAttributes()
2019-05-24 16:05:01 -Started ServerApplication in 7.186 seconds (JVM running for 8.06)
2019-05-24 17:09:37 -Starting ServerApplication on SKY-20190326YRK with PID 9592 (C:\Users\Administrator\Desktop\erp_server\server\target\classes started by Administrator in C:\Users\Administrator\Desktop\erp_server)
2019-05-24 17:09:37 -No active profile set, falling back to default profiles: default
2019-05-24 17:09:41 -Could not validate configuration attributes as the SecurityMetadataSource did not return any attributes from getAllConfigAttributes()
2019-05-24 17:09:42 -Started ServerApplication in 5.908 seconds (JVM running for 6.644)
2019-05-24 17:09:57 -轮播图查询
2019-05-24 17:11:27 -新增成功
2019-05-24 17:12:42 -更新成功
2019-05-24 17:13:36 -轮播图查询
