2019-05-27 10:20:24 -Starting ServerApplication on SKY-20190326YRK with PID 720 (C:\Users\Administrator\Desktop\erp_server\server\target\classes started by Administrator in C:\Users\Administrator\Desktop\erp_server)
2019-05-27 10:20:24 -No active profile set, falling back to default profiles: default
2019-05-27 10:20:31 -Could not validate configuration attributes as the SecurityMetadataSource did not return any attributes from getAllConfigAttributes()
2019-05-27 10:20:33 -Started ServerApplication in 10.215 seconds (JVM running for 12.111)
2019-05-27 10:22:29 -Starting ServerApplication on SKY-20190326YRK with PID 5516 (C:\Users\Administrator\Desktop\erp_server\server\target\classes started by Administrator in C:\Users\Administrator\Desktop\erp_server)
2019-05-27 10:22:29 -No active profile set, falling back to default profiles: default
2019-05-27 10:22:36 -Could not validate configuration attributes as the SecurityMetadataSource did not return any attributes from getAllConfigAttributes()
2019-05-27 10:22:38 -Started ServerApplication in 11.901 seconds (JVM running for 13.527)
2019-05-27 10:47:11 -Starting ServerApplication on SKY-20190326YRK with PID 2836 (C:\Users\Administrator\Desktop\erp_server\server\target\classes started by Administrator in C:\Users\Administrator\Desktop\erp_server)
2019-05-27 10:47:11 -No active profile set, falling back to default profiles: default
2019-05-27 10:47:32 -Starting ServerApplication on SKY-20190326YRK with PID 6456 (C:\Users\Administrator\Desktop\erp_server\server\target\classes started by Administrator in C:\Users\Administrator\Desktop\erp_server)
2019-05-27 10:47:32 -No active profile set, falling back to default profiles: default
2019-05-27 10:48:24 -Starting ServerApplication on SKY-20190326YRK with PID 8964 (C:\Users\Administrator\Desktop\erp_server\server\target\classes started by Administrator in C:\Users\Administrator\Desktop\erp_server)
2019-05-27 10:48:24 -No active profile set, falling back to default profiles: default
2019-05-27 10:48:31 -Could not validate configuration attributes as the SecurityMetadataSource did not return any attributes from getAllConfigAttributes()
2019-05-27 10:49:32 -Starting ServerApplication on SKY-20190326YRK with PID 8832 (C:\Users\Administrator\Desktop\erp_server\server\target\classes started by Administrator in C:\Users\Administrator\Desktop\erp_server)
2019-05-27 10:49:32 -No active profile set, falling back to default profiles: default
2019-05-27 10:49:39 -Could not validate configuration attributes as the SecurityMetadataSource did not return any attributes from getAllConfigAttributes()
2019-05-27 10:50:34 -Starting ServerApplication on SKY-20190326YRK with PID 9096 (C:\Users\Administrator\Desktop\erp_server\server\target\classes started by Administrator in C:\Users\Administrator\Desktop\erp_server)
2019-05-27 10:50:34 -No active profile set, falling back to default profiles: default
2019-05-27 10:50:40 -Could not validate configuration attributes as the SecurityMetadataSource did not return any attributes from getAllConfigAttributes()
2019-05-27 10:51:11 -Starting ServerApplication on SKY-20190326YRK with PID 8756 (C:\Users\Administrator\Desktop\erp_server\server\target\classes started by Administrator in C:\Users\Administrator\Desktop\erp_server)
2019-05-27 10:51:11 -No active profile set, falling back to default profiles: default
2019-05-27 10:51:18 -Could not validate configuration attributes as the SecurityMetadataSource did not return any attributes from getAllConfigAttributes()
2019-05-27 10:51:21 -Started ServerApplication in 11.227 seconds (JVM running for 12.621)
2019-05-27 10:52:40 -Starting ServerApplication on SKY-20190326YRK with PID 9076 (C:\Users\Administrator\Desktop\erp_server\server\target\classes started by Administrator in C:\Users\Administrator\Desktop\erp_server)
2019-05-27 10:52:40 -No active profile set, falling back to default profiles: default
2019-05-27 10:52:48 -Could not validate configuration attributes as the SecurityMetadataSource did not return any attributes from getAllConfigAttributes()
2019-05-27 10:53:51 -Starting ServerApplication on SKY-20190326YRK with PID 8860 (C:\Users\Administrator\Desktop\erp_server\server\target\classes started by Administrator in C:\Users\Administrator\Desktop\erp_server)
2019-05-27 10:53:51 -No active profile set, falling back to default profiles: default
2019-05-27 10:53:58 -Could not validate configuration attributes as the SecurityMetadataSource did not return any attributes from getAllConfigAttributes()
2019-05-27 10:56:54 -Starting ServerApplication on SKY-20190326YRK with PID 8752 (C:\Users\Administrator\Desktop\erp_server\server\target\classes started by Administrator in C:\Users\Administrator\Desktop\erp_server)
2019-05-27 10:56:54 -No active profile set, falling back to default profiles: default
2019-05-27 10:57:03 -Could not validate configuration attributes as the SecurityMetadataSource did not return any attributes from getAllConfigAttributes()
2019-05-27 11:03:32 -Starting ServerApplication on SKY-20190326YRK with PID 8372 (C:\Users\Administrator\Desktop\erp_server\server\target\classes started by Administrator in C:\Users\Administrator\Desktop\erp_server)
2019-05-27 11:03:32 -No active profile set, falling back to default profiles: default
2019-05-27 11:03:40 -Could not validate configuration attributes as the SecurityMetadataSource did not return any attributes from getAllConfigAttributes()
2019-05-27 11:03:42 -Started ServerApplication in 12.435 seconds (JVM running for 14.483)
2019-05-27 11:08:44 -Starting ServerApplication on SKY-20190326YRK with PID 7824 (C:\Users\Administrator\Desktop\erp_server\server\target\classes started by Administrator in C:\Users\Administrator\Desktop\erp_server)
2019-05-27 11:08:44 -No active profile set, falling back to default profiles: default
2019-05-27 11:08:51 -Could not validate configuration attributes as the SecurityMetadataSource did not return any attributes from getAllConfigAttributes()
2019-05-27 11:08:53 -Started ServerApplication in 10.638 seconds (JVM running for 12.389)
2019-05-27 11:13:25 -Starting ServerApplication on SKY-20190326YRK with PID 6788 (C:\Users\Administrator\Desktop\erp_server\server\target\classes started by Administrator in C:\Users\Administrator\Desktop\erp_server)
2019-05-27 11:13:25 -No active profile set, falling back to default profiles: default
2019-05-27 11:13:30 -Could not validate configuration attributes as the SecurityMetadataSource did not return any attributes from getAllConfigAttributes()
2019-05-27 11:13:32 -Started ServerApplication in 7.937 seconds (JVM running for 8.837)
2019-05-27 11:13:53 -Starting ServerApplication on SKY-20190326YRK with PID 7312 (C:\Users\Administrator\Desktop\erp_server\server\target\classes started by Administrator in C:\Users\Administrator\Desktop\erp_server)
2019-05-27 11:13:53 -No active profile set, falling back to default profiles: default
2019-05-27 11:14:00 -Could not validate configuration attributes as the SecurityMetadataSource did not return any attributes from getAllConfigAttributes()
2019-05-27 11:14:02 -Started ServerApplication in 9.951 seconds (JVM running for 11.229)
2019-05-27 11:18:18 -Starting ServerApplication on SKY-20190326YRK with PID 8528 (C:\Users\Administrator\Desktop\erp_server\server\target\classes started by Administrator in C:\Users\Administrator\Desktop\erp_server)
2019-05-27 11:18:18 -No active profile set, falling back to default profiles: default
2019-05-27 11:18:23 -Could not validate configuration attributes as the SecurityMetadataSource did not return any attributes from getAllConfigAttributes()
2019-05-27 11:18:24 -Started ServerApplication in 6.966 seconds (JVM running for 7.724)
2019-05-27 11:19:17 -Starting ServerApplication on SKY-20190326YRK with PID 8416 (C:\Users\Administrator\Desktop\erp_server\server\target\classes started by Administrator in C:\Users\Administrator\Desktop\erp_server)
2019-05-27 11:19:17 -No active profile set, falling back to default profiles: default
2019-05-27 11:19:22 -Could not validate configuration attributes as the SecurityMetadataSource did not return any attributes from getAllConfigAttributes()
2019-05-27 11:19:23 -Started ServerApplication in 8.021 seconds (JVM running for 8.923)
2019-05-27 11:21:51 -Starting ServerApplication on SKY-20190326YRK with PID 8316 (C:\Users\Administrator\Desktop\erp_server\server\target\classes started by Administrator in C:\Users\Administrator\Desktop\erp_server)
2019-05-27 11:21:51 -No active profile set, falling back to default profiles: default
2019-05-27 11:21:56 -Could not validate configuration attributes as the SecurityMetadataSource did not return any attributes from getAllConfigAttributes()
2019-05-27 11:21:58 -Started ServerApplication in 7.554 seconds (JVM running for 8.437)
2019-05-27 11:26:38 -Starting ServerApplication on SKY-20190326YRK with PID 7548 (C:\Users\Administrator\Desktop\erp_server\server\target\classes started by Administrator in C:\Users\Administrator\Desktop\erp_server)
2019-05-27 11:26:38 -No active profile set, falling back to default profiles: default
2019-05-27 11:26:43 -Could not validate configuration attributes as the SecurityMetadataSource did not return any attributes from getAllConfigAttributes()
2019-05-27 11:26:45 -Started ServerApplication in 8.142 seconds (JVM running for 9.497)
2019-05-27 11:41:56 -Starting ServerApplication on SKY-20190326YRK with PID 7172 (C:\Users\Administrator\Desktop\erp_server\server\target\classes started by Administrator in C:\Users\Administrator\Desktop\erp_server)
2019-05-27 11:41:56 -No active profile set, falling back to default profiles: default
2019-05-27 11:42:00 -Could not validate configuration attributes as the SecurityMetadataSource did not return any attributes from getAllConfigAttributes()
2019-05-27 11:42:01 -Started ServerApplication in 5.552 seconds (JVM running for 6.333)
2019-05-27 11:46:26 -Starting ServerApplication on SKY-20190326YRK with PID 5672 (C:\Users\Administrator\Desktop\erp_server\server\target\classes started by Administrator in C:\Users\Administrator\Desktop\erp_server)
2019-05-27 11:46:26 -No active profile set, falling back to default profiles: default
2019-05-27 11:46:33 -Could not validate configuration attributes as the SecurityMetadataSource did not return any attributes from getAllConfigAttributes()
2019-05-27 11:46:35 -Started ServerApplication in 10.109 seconds (JVM running for 11.695)
2019-05-27 11:47:48 -Starting ServerApplication on SKY-20190326YRK with PID 8448 (C:\Users\Administrator\Desktop\erp_server\server\target\classes started by Administrator in C:\Users\Administrator\Desktop\erp_server)
2019-05-27 11:47:48 -No active profile set, falling back to default profiles: default
2019-05-27 11:47:54 -Could not validate configuration attributes as the SecurityMetadataSource did not return any attributes from getAllConfigAttributes()
2019-05-27 11:47:57 -Started ServerApplication in 9.73 seconds (JVM running for 11.157)
2019-05-27 11:48:17 -Starting ServerApplication on SKY-20190326YRK with PID 4412 (C:\Users\Administrator\Desktop\erp_server\server\target\classes started by Administrator in C:\Users\Administrator\Desktop\erp_server)
2019-05-27 11:48:17 -No active profile set, falling back to default profiles: default
2019-05-27 11:48:25 -Could not validate configuration attributes as the SecurityMetadataSource did not return any attributes from getAllConfigAttributes()
2019-05-27 11:48:27 -Started ServerApplication in 11.878 seconds (JVM running for 13.63)
2019-05-27 11:52:05 -Starting ServerApplication on SKY-20190326YRK with PID 9564 (C:\Users\Administrator\Desktop\erp_server\server\target\classes started by Administrator in C:\Users\Administrator\Desktop\erp_server)
2019-05-27 11:52:05 -No active profile set, falling back to default profiles: default
2019-05-27 11:52:19 -Starting ServerApplication on SKY-20190326YRK with PID 3296 (C:\Users\Administrator\Desktop\erp_server\server\target\classes started by Administrator in C:\Users\Administrator\Desktop\erp_server)
2019-05-27 11:52:19 -No active profile set, falling back to default profiles: default
2019-05-27 11:52:26 -Could not validate configuration attributes as the SecurityMetadataSource did not return any attributes from getAllConfigAttributes()
2019-05-27 11:52:28 -Started ServerApplication in 10.531 seconds (JVM running for 11.967)
2019-05-27 11:53:53 -Starting ServerApplication on SKY-20190326YRK with PID 9768 (C:\Users\Administrator\Desktop\erp_server\server\target\classes started by Administrator in C:\Users\Administrator\Desktop\erp_server)
2019-05-27 11:53:53 -No active profile set, falling back to default profiles: default
2019-05-27 11:54:00 -Could not validate configuration attributes as the SecurityMetadataSource did not return any attributes from getAllConfigAttributes()
2019-05-27 11:54:03 -Started ServerApplication in 10.683 seconds (JVM running for 12.034)
2019-05-27 11:59:41 -Starting ServerApplication on SKY-20190326YRK with PID 9156 (C:\Users\Administrator\Desktop\erp_server\server\target\classes started by Administrator in C:\Users\Administrator\Desktop\erp_server)
2019-05-27 11:59:41 -No active profile set, falling back to default profiles: default
2019-05-27 11:59:48 -Could not validate configuration attributes as the SecurityMetadataSource did not return any attributes from getAllConfigAttributes()
2019-05-27 11:59:50 -Started ServerApplication in 10.941 seconds (JVM running for 12.143)
2019-05-27 12:00:25 -上传的文件名为：1.jpg
2019-05-27 12:00:35 -上传的后缀名为：.jpg
2019-05-27 13:50:26 -Starting ServerApplication on SKY-20190326YRK with PID 7604 (C:\Users\Administrator\Desktop\erp_server\server\target\classes started by Administrator in C:\Users\Administrator\Desktop\erp_server)
2019-05-27 13:50:26 -No active profile set, falling back to default profiles: default
2019-05-27 13:50:29 -Could not validate configuration attributes as the SecurityMetadataSource did not return any attributes from getAllConfigAttributes()
2019-05-27 13:50:30 -Started ServerApplication in 5.72 seconds (JVM running for 6.595)
2019-05-27 13:51:47 -Starting ServerApplication on SKY-20190326YRK with PID 8020 (C:\Users\Administrator\Desktop\erp_server\server\target\classes started by Administrator in C:\Users\Administrator\Desktop\erp_server)
2019-05-27 13:51:47 -No active profile set, falling back to default profiles: default
2019-05-27 13:51:52 -Could not validate configuration attributes as the SecurityMetadataSource did not return any attributes from getAllConfigAttributes()
2019-05-27 13:51:55 -Started ServerApplication in 8.362 seconds (JVM running for 9.297)
2019-05-27 13:54:35 -Starting ServerApplication on SKY-20190326YRK with PID 1760 (C:\Users\Administrator\Desktop\erp_server\server\target\classes started by Administrator in C:\Users\Administrator\Desktop\erp_server)
2019-05-27 13:54:35 -No active profile set, falling back to default profiles: default
2019-05-27 13:54:39 -Could not validate configuration attributes as the SecurityMetadataSource did not return any attributes from getAllConfigAttributes()
2019-05-27 13:54:43 -Started ServerApplication in 7.974 seconds (JVM running for 8.917)
2019-05-27 13:55:38 -Starting ServerApplication on SKY-20190326YRK with PID 5580 (C:\Users\Administrator\Desktop\erp_server\server\target\classes started by Administrator in C:\Users\Administrator\Desktop\erp_server)
2019-05-27 13:55:38 -No active profile set, falling back to default profiles: default
2019-05-27 13:55:43 -Could not validate configuration attributes as the SecurityMetadataSource did not return any attributes from getAllConfigAttributes()
2019-05-27 13:55:47 -Started ServerApplication in 9.453 seconds (JVM running for 10.372)
2019-05-27 13:58:22 -Starting ServerApplication on SKY-20190326YRK with PID 5780 (C:\Users\Administrator\Desktop\erp_server\server\target\classes started by Administrator in C:\Users\Administrator\Desktop\erp_server)
2019-05-27 13:58:22 -No active profile set, falling back to default profiles: default
2019-05-27 13:58:27 -Could not validate configuration attributes as the SecurityMetadataSource did not return any attributes from getAllConfigAttributes()
2019-05-27 13:58:31 -Started ServerApplication in 10.219 seconds (JVM running for 11.134)
2019-05-27 14:01:19 -Starting ServerApplication on SKY-20190326YRK with PID 6076 (C:\Users\Administrator\Desktop\erp_server\server\target\classes started by Administrator in C:\Users\Administrator\Desktop\erp_server)
2019-05-27 14:01:19 -No active profile set, falling back to default profiles: default
2019-05-27 14:01:26 -Could not validate configuration attributes as the SecurityMetadataSource did not return any attributes from getAllConfigAttributes()
2019-05-27 14:01:28 -Started ServerApplication in 10.688 seconds (JVM running for 12.248)
2019-05-27 14:08:19 -Starting ServerApplication on SKY-20190326YRK with PID 1760 (C:\Users\Administrator\Desktop\erp_server\server\target\classes started by Administrator in C:\Users\Administrator\Desktop\erp_server)
2019-05-27 14:08:19 -No active profile set, falling back to default profiles: default
2019-05-27 14:08:23 -Could not validate configuration attributes as the SecurityMetadataSource did not return any attributes from getAllConfigAttributes()
2019-05-27 14:08:25 -Started ServerApplication in 6.3 seconds (JVM running for 7.069)
2019-05-27 14:08:40 -上传成功
2019-05-27 14:09:20 -上传成功
2019-05-27 14:10:10 -Starting ServerApplication on SKY-20190326YRK with PID 6960 (C:\Users\Administrator\Desktop\erp_server\server\target\classes started by Administrator in C:\Users\Administrator\Desktop\erp_server)
2019-05-27 14:10:10 -No active profile set, falling back to default profiles: default
2019-05-27 14:10:15 -Could not validate configuration attributes as the SecurityMetadataSource did not return any attributes from getAllConfigAttributes()
2019-05-27 14:10:16 -Started ServerApplication in 7.447 seconds (JVM running for 8.236)
2019-05-27 14:10:23 -Starting ServerApplication on SKY-20190326YRK with PID 10136 (C:\Users\Administrator\Desktop\erp_server\server\target\classes started by Administrator in C:\Users\Administrator\Desktop\erp_server)
2019-05-27 14:10:23 -No active profile set, falling back to default profiles: default
2019-05-27 14:10:29 -Could not validate configuration attributes as the SecurityMetadataSource did not return any attributes from getAllConfigAttributes()
2019-05-27 14:10:31 -Started ServerApplication in 9.106 seconds (JVM running for 10.414)
2019-05-27 14:10:47 -上传成功
2019-05-27 14:11:15 -上传成功
2019-05-27 14:14:29 -Starting ServerApplication on SKY-20190326YRK with PID 7956 (C:\Users\Administrator\Desktop\erp_server\server\target\classes started by Administrator in C:\Users\Administrator\Desktop\erp_server)
2019-05-27 14:14:29 -No active profile set, falling back to default profiles: default
2019-05-27 14:14:33 -Could not validate configuration attributes as the SecurityMetadataSource did not return any attributes from getAllConfigAttributes()
2019-05-27 14:14:34 -Started ServerApplication in 6.57 seconds (JVM running for 7.524)
2019-05-27 14:14:44 -上传成功
2019-05-27 14:15:34 -上传成功
2019-05-27 14:18:47 -Starting ServerApplication on SKY-20190326YRK with PID 7792 (C:\Users\Administrator\Desktop\erp_server\server\target\classes started by Administrator in C:\Users\Administrator\Desktop\erp_server)
2019-05-27 14:18:47 -No active profile set, falling back to default profiles: default
2019-05-27 14:18:51 -Could not validate configuration attributes as the SecurityMetadataSource did not return any attributes from getAllConfigAttributes()
2019-05-27 14:18:53 -Started ServerApplication in 6.817 seconds (JVM running for 7.684)
2019-05-27 14:19:01 -上传成功
2019-05-27 14:24:57 -Starting ServerApplication on SKY-20190326YRK with PID 9016 (C:\Users\Administrator\Desktop\erp_server\server\target\classes started by Administrator in C:\Users\Administrator\Desktop\erp_server)
2019-05-27 14:24:57 -No active profile set, falling back to default profiles: default
2019-05-27 14:25:01 -Could not validate configuration attributes as the SecurityMetadataSource did not return any attributes from getAllConfigAttributes()
2019-05-27 14:25:03 -Started ServerApplication in 6.401 seconds (JVM running for 7.354)
2019-05-27 14:31:24 -Starting ServerApplication on SKY-20190326YRK with PID 7768 (C:\Users\Administrator\Desktop\erp_server\server\target\classes started by Administrator in C:\Users\Administrator\Desktop\erp_server)
2019-05-27 14:31:24 -No active profile set, falling back to default profiles: default
2019-05-27 14:31:28 -Could not validate configuration attributes as the SecurityMetadataSource did not return any attributes from getAllConfigAttributes()
2019-05-27 14:31:29 -Started ServerApplication in 6.204 seconds (JVM running for 7.108)
2019-05-27 14:32:04 -Starting ServerApplication on SKY-20190326YRK with PID 8952 (C:\Users\Administrator\Desktop\erp_server\server\target\classes started by Administrator in C:\Users\Administrator\Desktop\erp_server)
2019-05-27 14:32:04 -No active profile set, falling back to default profiles: default
2019-05-27 14:32:09 -Could not validate configuration attributes as the SecurityMetadataSource did not return any attributes from getAllConfigAttributes()
2019-05-27 14:32:10 -Started ServerApplication in 7.084 seconds (JVM running for 8.118)
2019-05-27 14:33:27 -Starting ServerApplication on SKY-20190326YRK with PID 8768 (C:\Users\Administrator\Desktop\erp_server\server\target\classes started by Administrator in C:\Users\Administrator\Desktop\erp_server)
2019-05-27 14:33:27 -No active profile set, falling back to default profiles: default
2019-05-27 14:33:34 -Could not validate configuration attributes as the SecurityMetadataSource did not return any attributes from getAllConfigAttributes()
2019-05-27 14:33:36 -Started ServerApplication in 10.721 seconds (JVM running for 11.989)
2019-05-27 14:34:12 -Starting ServerApplication on SKY-20190326YRK with PID 10144 (C:\Users\Administrator\Desktop\erp_server\server\target\classes started by Administrator in C:\Users\Administrator\Desktop\erp_server)
2019-05-27 14:34:12 -No active profile set, falling back to default profiles: default
2019-05-27 14:34:18 -Could not validate configuration attributes as the SecurityMetadataSource did not return any attributes from getAllConfigAttributes()
2019-05-27 14:34:20 -Started ServerApplication in 9.006 seconds (JVM running for 10.432)
2019-05-27 14:37:41 -上传成功
2019-05-27 14:37:55 -新增成功
2019-05-27 14:48:15 -Starting ServerApplication on SKY-20190326YRK with PID 9848 (C:\Users\Administrator\Desktop\erp_server\server\target\classes started by Administrator in C:\Users\Administrator\Desktop\erp_server)
2019-05-27 14:48:15 -No active profile set, falling back to default profiles: default
2019-05-27 14:48:19 -Could not validate configuration attributes as the SecurityMetadataSource did not return any attributes from getAllConfigAttributes()
2019-05-27 14:48:20 -Started ServerApplication in 6.343 seconds (JVM running for 7.098)
2019-05-27 14:51:50 -Starting ServerApplication on SKY-20190326YRK with PID 9376 (C:\Users\Administrator\Desktop\erp_server\server\target\classes started by Administrator in C:\Users\Administrator\Desktop\erp_server)
2019-05-27 14:51:50 -No active profile set, falling back to default profiles: default
2019-05-27 14:51:54 -Could not validate configuration attributes as the SecurityMetadataSource did not return any attributes from getAllConfigAttributes()
2019-05-27 14:51:56 -Started ServerApplication in 6.226 seconds (JVM running for 6.951)
2019-05-27 15:11:19 -Starting ServerApplication on SKY-20190326YRK with PID 9416 (C:\Users\Administrator\Desktop\erp_server\server\target\classes started by Administrator in C:\Users\Administrator\Desktop\erp_server)
2019-05-27 15:11:19 -No active profile set, falling back to default profiles: default
2019-05-27 15:11:23 -Could not validate configuration attributes as the SecurityMetadataSource did not return any attributes from getAllConfigAttributes()
2019-05-27 15:11:25 -Started ServerApplication in 6.404 seconds (JVM running for 7.161)
2019-05-27 15:35:32 -商品查询
2019-05-27 15:36:52 -商品查询
2019-05-27 15:36:59 -商品查询
2019-05-27 15:37:00 -商品查询
2019-05-27 15:37:03 -商品查询
2019-05-27 15:37:18 -商品查询
2019-05-27 15:37:23 -商品查询
2019-05-27 15:37:33 -商品查询
2019-05-27 15:38:08 -商品查询
2019-05-27 15:38:25 -商品查询
2019-05-27 15:38:44 -商品查询
2019-05-27 15:39:00 -商品查询
2019-05-27 15:39:15 -商品查询
2019-05-27 15:39:27 -商品查询
2019-05-27 15:40:13 -商品查询
2019-05-27 16:26:47 -Starting ServerApplication on SKY-20190326YRK with PID 7276 (C:\Users\Administrator\Desktop\erp_server\server\target\classes started by Administrator in C:\Users\Administrator\Desktop\erp_server)
2019-05-27 16:26:47 -No active profile set, falling back to default profiles: default
2019-05-27 16:26:51 -Could not validate configuration attributes as the SecurityMetadataSource did not return any attributes from getAllConfigAttributes()
2019-05-27 16:26:52 -Started ServerApplication in 5.723 seconds (JVM running for 6.492)
2019-05-27 17:37:06 -Starting ServerApplication on SKY-20190326YRK with PID 4868 (C:\Users\Administrator\Desktop\erp_server\server\target\classes started by Administrator in C:\Users\Administrator\Desktop\erp_server)
2019-05-27 17:37:06 -No active profile set, falling back to default profiles: default
2019-05-27 17:37:14 -Could not validate configuration attributes as the SecurityMetadataSource did not return any attributes from getAllConfigAttributes()
2019-05-27 17:37:15 -Started ServerApplication in 10.438 seconds (JVM running for 11.466)
