2019-05-28 09:32:25 -Starting ServerApplication on SKY-20190326YRK with PID 4924 (C:\Users\Administrator\Desktop\erp_server\server\target\classes started by Administrator in C:\Users\Administrator\Desktop\erp_server)
2019-05-28 09:32:25 -No active profile set, falling back to default profiles: default
2019-05-28 09:32:31 -Could not validate configuration attributes as the SecurityMetadataSource did not return any attributes from getAllConfigAttributes()
2019-05-28 09:32:33 -Started ServerApplication in 8.345 seconds (JVM running for 9.625)
2019-05-28 09:38:25 -上传成功
2019-05-28 09:38:26 -新增成功
2019-05-28 10:35:09 -Starting ServerApplication on SKY-20190326YRK with PID 6528 (C:\Users\Administrator\Desktop\erp_server\server\target\classes started by Administrator in C:\Users\Administrator\Desktop\erp_server)
2019-05-28 10:35:09 -No active profile set, falling back to default profiles: default
2019-05-28 10:35:13 -Could not validate configuration attributes as the SecurityMetadataSource did not return any attributes from getAllConfigAttributes()
2019-05-28 10:35:15 -Started ServerApplication in 6.516 seconds (JVM running for 7.381)
2019-05-28 10:35:36 -Starting ServerApplication on SKY-20190326YRK with PID 808 (C:\Users\Administrator\Desktop\erp_server\server\target\classes started by Administrator in C:\Users\Administrator\Desktop\erp_server)
2019-05-28 10:35:36 -No active profile set, falling back to default profiles: default
2019-05-28 10:35:41 -Could not validate configuration attributes as the SecurityMetadataSource did not return any attributes from getAllConfigAttributes()
2019-05-28 10:35:43 -Started ServerApplication in 8.224 seconds (JVM running for 10.538)
2019-05-28 10:35:54 -Starting ServerApplication on SKY-20190326YRK with PID 9052 (C:\Users\Administrator\Desktop\erp_server\server\target\classes started by Administrator in C:\Users\Administrator\Desktop\erp_server)
2019-05-28 10:35:54 -No active profile set, falling back to default profiles: default
2019-05-28 10:36:00 -Could not validate configuration attributes as the SecurityMetadataSource did not return any attributes from getAllConfigAttributes()
2019-05-28 10:36:02 -Started ServerApplication in 9.753 seconds (JVM running for 11.121)
2019-05-28 10:41:29 -Starting ServerApplication on SKY-20190326YRK with PID 8716 (C:\Users\Administrator\Desktop\erp_server\server\target\classes started by Administrator in C:\Users\Administrator\Desktop\erp_server)
2019-05-28 10:41:29 -No active profile set, falling back to default profiles: default
2019-05-28 10:41:34 -Could not validate configuration attributes as the SecurityMetadataSource did not return any attributes from getAllConfigAttributes()
2019-05-28 10:41:36 -Started ServerApplication in 8.83 seconds (JVM running for 10.047)
2019-05-28 10:46:50 -Starting ServerApplication on SKY-20190326YRK with PID 8208 (C:\Users\Administrator\Desktop\erp_server\server\target\classes started by Administrator in C:\Users\Administrator\Desktop\erp_server)
2019-05-28 10:46:50 -No active profile set, falling back to default profiles: default
2019-05-28 10:46:56 -Could not validate configuration attributes as the SecurityMetadataSource did not return any attributes from getAllConfigAttributes()
2019-05-28 10:46:57 -Started ServerApplication in 7.76 seconds (JVM running for 8.838)
2019-05-28 10:48:53 -Starting ServerApplication on SKY-20190326YRK with PID 8936 (C:\Users\Administrator\Desktop\erp_server\server\target\classes started by Administrator in C:\Users\Administrator\Desktop\erp_server)
2019-05-28 10:48:53 -No active profile set, falling back to default profiles: default
2019-05-28 10:48:59 -Could not validate configuration attributes as the SecurityMetadataSource did not return any attributes from getAllConfigAttributes()
2019-05-28 10:49:01 -Started ServerApplication in 8.733 seconds (JVM running for 9.695)
2019-05-28 10:50:24 -Starting ServerApplication on SKY-20190326YRK with PID 8468 (C:\Users\Administrator\Desktop\erp_server\server\target\classes started by Administrator in C:\Users\Administrator\Desktop\erp_server)
2019-05-28 10:50:24 -No active profile set, falling back to default profiles: default
2019-05-28 10:50:31 -Could not validate configuration attributes as the SecurityMetadataSource did not return any attributes from getAllConfigAttributes()
2019-05-28 10:50:33 -Started ServerApplication in 10.75 seconds (JVM running for 11.971)
2019-05-28 10:57:12 -Starting ServerApplication on SKY-20190326YRK with PID 7152 (C:\Users\Administrator\Desktop\erp_server\server\target\classes started by Administrator in C:\Users\Administrator\Desktop\erp_server)
2019-05-28 10:57:12 -No active profile set, falling back to default profiles: default
2019-05-28 10:57:16 -Could not validate configuration attributes as the SecurityMetadataSource did not return any attributes from getAllConfigAttributes()
2019-05-28 10:57:18 -Started ServerApplication in 6.842 seconds (JVM running for 7.804)
2019-05-28 14:48:48 -Starting ServerApplication on SKY-20190326YRK with PID 1128 (C:\Users\Administrator\Desktop\erp_server\server\target\classes started by Administrator in C:\Users\Administrator\Desktop\erp_server)
2019-05-28 14:48:48 -No active profile set, falling back to default profiles: default
2019-05-28 14:48:54 -Could not validate configuration attributes as the SecurityMetadataSource did not return any attributes from getAllConfigAttributes()
2019-05-28 14:48:55 -Started ServerApplication in 7.999 seconds (JVM running for 8.983)
