2019-05-23 19:02:22 -Starting ServerApplication on SKY-20190326YRK with PID 8788 (C:\Users\Administrator\Desktop\erp_server\server\target\classes started by Administrator in C:\Users\Administrator\Desktop\erp_server)
2019-05-23 19:02:22 -No active profile set, falling back to default profiles: default
2019-05-23 19:02:28 -Could not validate configuration attributes as the SecurityMetadataSource did not return any attributes from getAllConfigAttributes()
2019-05-23 19:02:31 -Started ServerApplication in 10.17 seconds (JVM running for 11.293)
2019-05-23 19:21:28 -Starting ServerApplication on SKY-20190326YRK with PID 10380 (C:\Users\Administrator\Desktop\erp_server\server\target\classes started by Administrator in C:\Users\Administrator\Desktop\erp_server)
2019-05-23 19:21:28 -No active profile set, falling back to default profiles: default
2019-05-23 19:21:33 -Could not validate configuration attributes as the SecurityMetadataSource did not return any attributes from getAllConfigAttributes()
2019-05-23 19:21:34 -Started ServerApplication in 7.072 seconds (JVM running for 7.783)
2019-05-23 19:28:42 -Starting ServerApplication on SKY-20190326YRK with PID 9804 (C:\Users\Administrator\Desktop\erp_server\server\target\classes started by Administrator in C:\Users\Administrator\Desktop\erp_server)
2019-05-23 19:28:42 -No active profile set, falling back to default profiles: default
2019-05-23 19:28:48 -Could not validate configuration attributes as the SecurityMetadataSource did not return any attributes from getAllConfigAttributes()
2019-05-23 19:28:50 -Started ServerApplication in 9.581 seconds (JVM running for 10.878)
2019-05-23 19:32:58 -Starting ServerApplication on SKY-20190326YRK with PID 4400 (C:\Users\Administrator\Desktop\erp_server\server\target\classes started by Administrator in C:\Users\Administrator\Desktop\erp_server)
2019-05-23 19:32:58 -No active profile set, falling back to default profiles: default
2019-05-23 19:33:07 -Could not validate configuration attributes as the SecurityMetadataSource did not return any attributes from getAllConfigAttributes()
2019-05-23 19:33:09 -Started ServerApplication in 12.945 seconds (JVM running for 15.002)
2019-05-23 19:54:00 -Starting ServerApplication on SKY-20190326YRK with PID 7736 (C:\Users\Administrator\Desktop\erp_server\server\target\classes started by Administrator in C:\Users\Administrator\Desktop\erp_server)
2019-05-23 19:54:00 -No active profile set, falling back to default profiles: default
2019-05-23 19:54:05 -Could not validate configuration attributes as the SecurityMetadataSource did not return any attributes from getAllConfigAttributes()
2019-05-23 19:54:07 -Started ServerApplication in 7.833 seconds (JVM running for 8.928)
2019-05-23 19:54:26 -文章查询
2019-05-23 20:05:31 -Starting ServerApplication on SKY-20190326YRK with PID 7960 (C:\Users\Administrator\Desktop\erp_server\server\target\classes started by Administrator in C:\Users\Administrator\Desktop\erp_server)
2019-05-23 20:05:31 -No active profile set, falling back to default profiles: default
2019-05-23 20:05:40 -Could not validate configuration attributes as the SecurityMetadataSource did not return any attributes from getAllConfigAttributes()
2019-05-23 20:05:43 -Started ServerApplication in 13.439 seconds (JVM running for 15.476)
2019-05-23 20:25:24 -Starting ServerApplication on SKY-20190326YRK with PID 9220 (C:\Users\Administrator\Desktop\erp_server\server\target\classes started by Administrator in C:\Users\Administrator\Desktop\erp_server)
2019-05-23 20:25:24 -No active profile set, falling back to default profiles: default
2019-05-23 20:25:29 -Could not validate configuration attributes as the SecurityMetadataSource did not return any attributes from getAllConfigAttributes()
2019-05-23 20:25:31 -Started ServerApplication in 7.659 seconds (JVM running for 8.565)
2019-05-23 20:27:13 -Starting ServerApplication on SKY-20190326YRK with PID 6272 (C:\Users\Administrator\Desktop\erp_server\server\target\classes started by Administrator in C:\Users\Administrator\Desktop\erp_server)
2019-05-23 20:27:13 -No active profile set, falling back to default profiles: default
2019-05-23 20:27:19 -Could not validate configuration attributes as the SecurityMetadataSource did not return any attributes from getAllConfigAttributes()
2019-05-23 20:27:20 -Started ServerApplication in 7.643 seconds (JVM running for 8.571)
