2019-05-29 10:13:01 -Starting ServerApplication on SKY-20190326YRK with PID 6732 (C:\Users\Administrator\Desktop\erp_server\server\target\classes started by Administrator in C:\Users\Administrator\Desktop\erp_server)
2019-05-29 10:13:01 -No active profile set, falling back to default profiles: default
2019-05-29 10:13:05 -Could not validate configuration attributes as the SecurityMetadataSource did not return any attributes from getAllConfigAttributes()
2019-05-29 10:13:07 -Started ServerApplication in 6.338 seconds (JVM running for 7.688)
2019-05-29 10:14:03 -新增成功
2019-05-29 10:30:44 -Starting ServerApplication on SKY-20190326YRK with PID 6892 (C:\Users\Administrator\Desktop\erp_server\server\target\classes started by Administrator in C:\Users\Administrator\Desktop\erp_server)
2019-05-29 10:30:44 -No active profile set, falling back to default profiles: default
2019-05-29 10:30:48 -Could not validate configuration attributes as the SecurityMetadataSource did not return any attributes from getAllConfigAttributes()
2019-05-29 10:30:49 -Started ServerApplication in 5.915 seconds (JVM running for 6.708)
2019-05-29 10:30:57 -新增成功
2019-05-29 10:32:33 -验票失败
2019-05-29 10:33:02 -Starting ServerApplication on SKY-20190326YRK with PID 3204 (C:\Users\Administrator\Desktop\erp_server\server\target\classes started by Administrator in C:\Users\Administrator\Desktop\erp_server)
2019-05-29 10:33:02 -No active profile set, falling back to default profiles: default
2019-05-29 10:33:06 -Could not validate configuration attributes as the SecurityMetadataSource did not return any attributes from getAllConfigAttributes()
2019-05-29 10:33:07 -Started ServerApplication in 6.32 seconds (JVM running for 8.843)
2019-05-29 10:33:49 -验票失败
2019-05-29 10:36:12 -Starting ServerApplication on SKY-20190326YRK with PID 7640 (C:\Users\Administrator\Desktop\erp_server\server\target\classes started by Administrator in C:\Users\Administrator\Desktop\erp_server)
2019-05-29 10:36:12 -No active profile set, falling back to default profiles: default
2019-05-29 10:36:17 -Could not validate configuration attributes as the SecurityMetadataSource did not return any attributes from getAllConfigAttributes()
2019-05-29 10:36:19 -Started ServerApplication in 7.196 seconds (JVM running for 8.118)
2019-05-29 10:36:35 -验票成功
2019-05-29 10:41:05 -Starting ServerApplication on SKY-20190326YRK with PID 8108 (C:\Users\Administrator\Desktop\erp_server\server\target\classes started by Administrator in C:\Users\Administrator\Desktop\erp_server)
2019-05-29 10:41:05 -No active profile set, falling back to default profiles: default
2019-05-29 10:41:09 -Could not validate configuration attributes as the SecurityMetadataSource did not return any attributes from getAllConfigAttributes()
2019-05-29 10:41:11 -Started ServerApplication in 6.73 seconds (JVM running for 7.706)
2019-05-29 10:41:32 -验票成功
2019-05-29 10:42:28 -验票成功
2019-05-29 12:06:32 -Starting ServerApplication on SKY-20190326YRK with PID 5836 (C:\Users\Administrator\Desktop\erp_server\server\target\classes started by Administrator in C:\Users\Administrator\Desktop\erp_server)
2019-05-29 12:06:32 -No active profile set, falling back to default profiles: default
2019-05-29 12:06:43 -Could not validate configuration attributes as the SecurityMetadataSource did not return any attributes from getAllConfigAttributes()
2019-05-29 12:06:47 -Started ServerApplication in 17.572 seconds (JVM running for 20.386)
2019-05-29 14:43:22 -Starting ServerApplication on SKY-20190326YRK with PID 9064 (C:\Users\Administrator\Desktop\erp_server\server\target\classes started by Administrator in C:\Users\Administrator\Desktop\erp_server)
2019-05-29 14:43:22 -No active profile set, falling back to default profiles: default
2019-05-29 14:43:34 -Could not validate configuration attributes as the SecurityMetadataSource did not return any attributes from getAllConfigAttributes()
2019-05-29 14:43:38 -Started ServerApplication in 17.096 seconds (JVM running for 19.616)
2019-05-29 14:44:49 -验票成功
2019-05-29 14:52:52 -Starting ServerApplication on SKY-20190326YRK with PID 8480 (C:\Users\Administrator\Desktop\erp_server\server\target\classes started by Administrator in C:\Users\Administrator\Desktop\erp_server)
2019-05-29 14:52:52 -No active profile set, falling back to default profiles: default
2019-05-29 14:53:05 -Could not validate configuration attributes as the SecurityMetadataSource did not return any attributes from getAllConfigAttributes()
2019-05-29 14:53:09 -Started ServerApplication in 18.651 seconds (JVM running for 23.866)
2019-05-29 15:06:23 -Starting ServerApplication on SKY-20190326YRK with PID 8828 (C:\Users\Administrator\Desktop\erp_server\server\target\classes started by Administrator in C:\Users\Administrator\Desktop\erp_server)
2019-05-29 15:06:23 -No active profile set, falling back to default profiles: default
2019-05-29 15:06:35 -Could not validate configuration attributes as the SecurityMetadataSource did not return any attributes from getAllConfigAttributes()
2019-05-29 15:06:40 -Started ServerApplication in 18.44 seconds (JVM running for 21.027)
2019-05-29 15:08:31 -Starting ServerApplication on SKY-20190326YRK with PID 8788 (C:\Users\Administrator\Desktop\erp_server\server\target\classes started by Administrator in C:\Users\Administrator\Desktop\erp_server)
2019-05-29 15:08:31 -No active profile set, falling back to default profiles: default
2019-05-29 15:08:42 -Could not validate configuration attributes as the SecurityMetadataSource did not return any attributes from getAllConfigAttributes()
2019-05-29 15:08:45 -Started ServerApplication in 16.074 seconds (JVM running for 18.07)
2019-05-29 15:11:04 -Starting ServerApplication on SKY-20190326YRK with PID 5284 (C:\Users\Administrator\Desktop\erp_server\server\target\classes started by Administrator in C:\Users\Administrator\Desktop\erp_server)
2019-05-29 15:11:04 -No active profile set, falling back to default profiles: default
2019-05-29 15:11:15 -Could not validate configuration attributes as the SecurityMetadataSource did not return any attributes from getAllConfigAttributes()
2019-05-29 15:11:18 -Started ServerApplication in 16.019 seconds (JVM running for 17.813)
2019-05-29 15:32:18 -Starting ServerApplication on SKY-20190326YRK with PID 8956 (C:\Users\Administrator\Desktop\erp_server\server\target\classes started by Administrator in C:\Users\Administrator\Desktop\erp_server)
2019-05-29 15:32:18 -No active profile set, falling back to default profiles: default
2019-05-29 15:32:29 -Could not validate configuration attributes as the SecurityMetadataSource did not return any attributes from getAllConfigAttributes()
2019-05-29 15:32:33 -Started ServerApplication in 17.093 seconds (JVM running for 18.935)
2019-05-29 15:33:52 -新增成功
2019-05-29 15:41:12 -Starting ServerApplication on SKY-20190326YRK with PID 6876 (C:\Users\Administrator\Desktop\erp_server\server\target\classes started by Administrator in C:\Users\Administrator\Desktop\erp_server)
2019-05-29 15:41:12 -No active profile set, falling back to default profiles: default
2019-05-29 15:41:23 -Could not validate configuration attributes as the SecurityMetadataSource did not return any attributes from getAllConfigAttributes()
2019-05-29 15:41:27 -Started ServerApplication in 17.596 seconds (JVM running for 20.146)
2019-05-29 15:43:47 -Starting ServerApplication on SKY-20190326YRK with PID 7136 (C:\Users\Administrator\Desktop\erp_server\server\target\classes started by Administrator in C:\Users\Administrator\Desktop\erp_server)
2019-05-29 15:43:47 -No active profile set, falling back to default profiles: default
2019-05-29 15:44:00 -Could not validate configuration attributes as the SecurityMetadataSource did not return any attributes from getAllConfigAttributes()
2019-05-29 15:44:03 -Started ServerApplication in 18.152 seconds (JVM running for 22.393)
2019-05-29 15:45:32 -Starting ServerApplication on SKY-20190326YRK with PID 5840 (C:\Users\Administrator\Desktop\erp_server\server\target\classes started by Administrator in C:\Users\Administrator\Desktop\erp_server)
2019-05-29 15:45:32 -No active profile set, falling back to default profiles: default
2019-05-29 15:45:44 -Could not validate configuration attributes as the SecurityMetadataSource did not return any attributes from getAllConfigAttributes()
2019-05-29 15:45:48 -Started ServerApplication in 17.779 seconds (JVM running for 20.308)
2019-05-29 16:17:26 -个人用查询
2019-05-29 16:18:55 -个人用查询
2019-05-29 16:32:46 -Starting ServerApplication on SKY-20190326YRK with PID 8416 (C:\Users\Administrator\Desktop\erp_server\server\target\classes started by Administrator in C:\Users\Administrator\Desktop\erp_server)
2019-05-29 16:32:46 -No active profile set, falling back to default profiles: default
2019-05-29 16:32:58 -Could not validate configuration attributes as the SecurityMetadataSource did not return any attributes from getAllConfigAttributes()
2019-05-29 16:33:02 -Started ServerApplication in 19.223 seconds (JVM running for 21.779)
2019-05-29 17:03:56 -Starting ServerApplication on SKY-20190326YRK with PID 8640 (C:\Users\Administrator\Desktop\erp_server\server\target\classes started by Administrator in C:\Users\Administrator\Desktop\erp_server)
2019-05-29 17:03:56 -No active profile set, falling back to default profiles: default
2019-05-29 17:04:08 -Could not validate configuration attributes as the SecurityMetadataSource did not return any attributes from getAllConfigAttributes()
2019-05-29 17:04:12 -Started ServerApplication in 19.002 seconds (JVM running for 21.12)
2019-05-29 17:15:05 -Starting ServerApplication on SKY-20190326YRK with PID 8712 (C:\Users\Administrator\Desktop\erp_server\server\target\classes started by Administrator in C:\Users\Administrator\Desktop\erp_server)
2019-05-29 17:15:05 -No active profile set, falling back to default profiles: default
2019-05-29 17:15:15 -Could not validate configuration attributes as the SecurityMetadataSource did not return any attributes from getAllConfigAttributes()
2019-05-29 17:15:19 -Started ServerApplication in 16.377 seconds (JVM running for 18.291)
2019-05-29 17:18:39 -Starting ServerApplication on SKY-20190326YRK with PID 7996 (C:\Users\Administrator\Desktop\erp_server\server\target\classes started by Administrator in C:\Users\Administrator\Desktop\erp_server)
2019-05-29 17:18:39 -No active profile set, falling back to default profiles: default
2019-05-29 17:18:51 -Could not validate configuration attributes as the SecurityMetadataSource did not return any attributes from getAllConfigAttributes()
2019-05-29 17:18:54 -Started ServerApplication in 17.3 seconds (JVM running for 21.216)
2019-05-29 17:19:41 -Starting ServerApplication on SKY-20190326YRK with PID 2588 (C:\Users\Administrator\Desktop\erp_server\server\target\classes started by Administrator in C:\Users\Administrator\Desktop\erp_server)
2019-05-29 17:19:41 -No active profile set, falling back to default profiles: default
2019-05-29 17:19:53 -Could not validate configuration attributes as the SecurityMetadataSource did not return any attributes from getAllConfigAttributes()
2019-05-29 17:19:57 -Started ServerApplication in 17.605 seconds (JVM running for 20.009)
2019-05-29 17:21:37 -Starting ServerApplication on SKY-20190326YRK with PID 10000 (C:\Users\Administrator\Desktop\erp_server\server\target\classes started by Administrator in C:\Users\Administrator\Desktop\erp_server)
2019-05-29 17:21:37 -No active profile set, falling back to default profiles: default
2019-05-29 17:21:49 -Could not validate configuration attributes as the SecurityMetadataSource did not return any attributes from getAllConfigAttributes()
2019-05-29 17:21:52 -Started ServerApplication in 18.158 seconds (JVM running for 21.253)
2019-05-29 18:15:34 -Starting ServerApplication on SKY-20190326YRK with PID 9420 (C:\Users\Administrator\Desktop\erp_server\server\target\classes started by Administrator in C:\Users\Administrator\Desktop\erp_server)
2019-05-29 18:15:34 -No active profile set, falling back to default profiles: default
2019-05-29 18:15:44 -Could not validate configuration attributes as the SecurityMetadataSource did not return any attributes from getAllConfigAttributes()
2019-05-29 18:15:47 -Started ServerApplication in 15.599 seconds (JVM running for 17.722)
2019-05-29 18:20:11 -Starting ServerApplication on SKY-20190326YRK with PID 5136 (C:\Users\Administrator\Desktop\erp_server\server\target\classes started by Administrator in C:\Users\Administrator\Desktop\erp_server)
2019-05-29 18:20:11 -No active profile set, falling back to default profiles: default
2019-05-29 18:20:20 -Could not validate configuration attributes as the SecurityMetadataSource did not return any attributes from getAllConfigAttributes()
2019-05-29 18:20:23 -Started ServerApplication in 14.458 seconds (JVM running for 16.763)
2019-05-29 19:03:15 -Starting ServerApplication on SKY-20190326YRK with PID 10548 (C:\Users\Administrator\Desktop\erp_server\server\target\classes started by Administrator in C:\Users\Administrator\Desktop\erp_server)
2019-05-29 19:03:15 -No active profile set, falling back to default profiles: default
2019-05-29 19:03:28 -Could not validate configuration attributes as the SecurityMetadataSource did not return any attributes from getAllConfigAttributes()
2019-05-29 19:03:32 -Started ServerApplication in 18.877 seconds (JVM running for 21.175)
2019-05-29 19:06:42 -个人用查询
2019-05-29 19:07:07 -个人用查询
2019-05-29 19:07:12 -个人用查询
2019-05-29 19:07:22 -个人用查询
2019-05-29 19:08:21 -个人用查询
2019-05-29 19:08:22 -个人用查询
2019-05-29 19:08:22 -个人用查询
2019-05-29 19:08:22 -个人用查询
2019-05-29 19:29:22 -Starting ServerApplication on SKY-20190326YRK with PID 6548 (C:\Users\Administrator\Desktop\erp_server\server\target\classes started by Administrator in C:\Users\Administrator\Desktop\erp_server)
2019-05-29 19:29:22 -No active profile set, falling back to default profiles: default
2019-05-29 19:29:32 -Could not validate configuration attributes as the SecurityMetadataSource did not return any attributes from getAllConfigAttributes()
2019-05-29 19:29:36 -Started ServerApplication in 16.318 seconds (JVM running for 18.821)
2019-05-29 19:43:28 -Starting ServerApplication on SKY-20190326YRK with PID 9712 (C:\Users\Administrator\Desktop\erp_server\server\target\classes started by Administrator in C:\Users\Administrator\Desktop\erp_server)
2019-05-29 19:43:28 -No active profile set, falling back to default profiles: default
2019-05-29 19:43:39 -Could not validate configuration attributes as the SecurityMetadataSource did not return any attributes from getAllConfigAttributes()
2019-05-29 19:43:42 -Started ServerApplication in 17.306 seconds (JVM running for 20.798)
2019-05-29 19:47:14 -Starting ServerApplication on SKY-20190326YRK with PID 7820 (C:\Users\Administrator\Desktop\erp_server\server\target\classes started by Administrator in C:\Users\Administrator\Desktop\erp_server)
2019-05-29 19:47:14 -No active profile set, falling back to default profiles: default
2019-05-29 19:47:26 -Could not validate configuration attributes as the SecurityMetadataSource did not return any attributes from getAllConfigAttributes()
2019-05-29 19:47:29 -Started ServerApplication in 17.728 seconds (JVM running for 19.766)
2019-05-29 19:49:01 -Starting ServerApplication on SKY-20190326YRK with PID 6832 (C:\Users\Administrator\Desktop\erp_server\server\target\classes started by Administrator in C:\Users\Administrator\Desktop\erp_server)
2019-05-29 19:49:01 -No active profile set, falling back to default profiles: default
2019-05-29 19:49:12 -Could not validate configuration attributes as the SecurityMetadataSource did not return any attributes from getAllConfigAttributes()
2019-05-29 19:49:15 -Started ServerApplication in 16.146 seconds (JVM running for 18.472)
2019-05-29 19:51:29 -Starting ServerApplication on SKY-20190326YRK with PID 8436 (C:\Users\Administrator\Desktop\erp_server\server\target\classes started by Administrator in C:\Users\Administrator\Desktop\erp_server)
2019-05-29 19:51:29 -No active profile set, falling back to default profiles: default
2019-05-29 19:51:40 -Could not validate configuration attributes as the SecurityMetadataSource did not return any attributes from getAllConfigAttributes()
2019-05-29 19:51:43 -Started ServerApplication in 17.223 seconds (JVM running for 19.25)
2019-05-29 19:57:35 -Starting ServerApplication on SKY-20190326YRK with PID 11172 (C:\Users\Administrator\Desktop\erp_server\server\target\classes started by Administrator in C:\Users\Administrator\Desktop\erp_server)
2019-05-29 19:57:35 -No active profile set, falling back to default profiles: default
2019-05-29 19:57:46 -Could not validate configuration attributes as the SecurityMetadataSource did not return any attributes from getAllConfigAttributes()
2019-05-29 19:57:50 -Started ServerApplication in 17.349 seconds (JVM running for 19.323)
2019-05-29 19:58:12 -Starting ServerApplication on SKY-20190326YRK with PID 10540 (C:\Users\Administrator\Desktop\erp_server\server\target\classes started by Administrator in C:\Users\Administrator\Desktop\erp_server)
2019-05-29 19:58:12 -No active profile set, falling back to default profiles: default
2019-05-29 19:58:24 -Could not validate configuration attributes as the SecurityMetadataSource did not return any attributes from getAllConfigAttributes()
2019-05-29 19:58:27 -Started ServerApplication in 18.15 seconds (JVM running for 20.319)
2019-05-29 19:59:14 -Starting ServerApplication on SKY-20190326YRK with PID 8768 (C:\Users\Administrator\Desktop\erp_server\server\target\classes started by Administrator in C:\Users\Administrator\Desktop\erp_server)
2019-05-29 19:59:14 -No active profile set, falling back to default profiles: default
2019-05-29 19:59:24 -Could not validate configuration attributes as the SecurityMetadataSource did not return any attributes from getAllConfigAttributes()
2019-05-29 19:59:27 -Started ServerApplication in 15.502 seconds (JVM running for 17.866)
